d:\cpp programing\music playlist manager.v.1.2\x64\debug\music playlist manager.v.1.2.exe
d:\cpp programing\music playlist manager.v.1.2\x64\debug\music playlist manager.v.1.2.pdb
d:\cpp codes by engr.morao\music playlist manager.v.1.2\x64\debug\music playlist manager.v.1.2.exe
d:\cpp codes by engr.morao\music playlist manager.v.1.2\x64\debug\music playlist manager.v.1.2.pdb
d:\cpp programing\music playlist manager.v.1.2\music pl.38310c5f\x64\debug\music playlist manager.v.1.2.res
d:\cpp codes by engr.morao\music playlist manager.v.1.2\music pl.38310c5f\x64\debug\music playlist manager.v.1.2.res
d:\cpp codes by engr.morao\music playlist manager.v.1.2\music pl.38310c5f\x64\debug\vc143.pdb
d:\cpp codes by engr.morao\music playlist manager.v.1.2\music pl.38310c5f\x64\debug\vc143.idb
d:\cpp codes by engr.morao\music playlist manager.v.1.2\music pl.38310c5f\x64\debug\music playlist manager.v.1.2.obj
d:\cpp codes by engr.morao\music playlist manager.v.1.2\music pl.38310c5f\x64\debug\music playlist manager.v.1.2.ilk
d:\cpp codes by engr.morao\music playlist manager.v.1.2\music pl.38310c5f\x64\debug\music pl.38310c5f.tlog\cl.command.1.tlog
d:\cpp codes by engr.morao\music playlist manager.v.1.2\music pl.38310c5f\x64\debug\music pl.38310c5f.tlog\link.read.2.tlog
d:\cpp codes by engr.morao\music playlist manager.v.1.2\music pl.38310c5f\x64\debug\music pl.38310c5f.tlog\link.write.1.tlog
d:\cpp codes by engr.morao\music playlist manager.v.1.2\music pl.38310c5f\x64\debug\music pl.38310c5f.tlog\link.secondary.1.tlog
d:\cpp codes by engr.morao\music playlist manager.v.1.2\music pl.38310c5f\x64\debug\music pl.38310c5f.tlog\link.command.1.tlog
d:\cpp codes by engr.morao\music playlist manager.v.1.2\music pl.38310c5f\x64\debug\music pl.38310c5f.tlog\cl.items.tlog
d:\cpp codes by engr.morao\music playlist manager.v.1.2\music pl.38310c5f\x64\debug\music pl.38310c5f.tlog\rc.read.1.tlog
d:\cpp codes by engr.morao\music playlist manager.v.1.2\music pl.38310c5f\x64\debug\music pl.38310c5f.tlog\rc.write.1.tlog
d:\cpp codes by engr.morao\music playlist manager.v.1.2\music pl.38310c5f\x64\debug\music pl.38310c5f.tlog\rc.command.1.tlog
d:\cpp codes by engr.morao\music playlist manager.v.1.2\music pl.38310c5f\x64\debug\music pl.38310c5f.tlog\cl.read.1.tlog
d:\cpp codes by engr.morao\music playlist manager.v.1.2\music pl.38310c5f\x64\debug\music pl.38310c5f.tlog\cl.write.1.tlog
